0 info it worked if it ends with ok
1 verbose cli [ '/home/vagrant/.nvm/versions/node/v6.9.5/bin/node',
1 verbose cli   '/home/vagrant/.nvm/versions/node/v6.9.5/bin/npm',
1 verbose cli   'install',
1 verbose cli   '--save',
1 verbose cli   'dateFormat' ]
2 info using npm@3.10.10
3 info using node@v6.9.5
4 silly loadCurrentTree Starting
5 silly install loadCurrentTree
6 silly install readLocalPackageData
7 silly fetchPackageMetaData dateFormat
8 silly fetchNamedPackageData dateFormat
9 silly mapToRegistry name dateFormat
10 silly mapToRegistry using default registry
11 silly mapToRegistry registry https://registry.npmjs.org/
12 silly mapToRegistry data Result {
12 silly mapToRegistry   raw: 'dateFormat',
12 silly mapToRegistry   scope: null,
12 silly mapToRegistry   escapedName: 'dateFormat',
12 silly mapToRegistry   name: 'dateFormat',
12 silly mapToRegistry   rawSpec: '',
12 silly mapToRegistry   spec: 'latest',
12 silly mapToRegistry   type: 'tag' }
13 silly mapToRegistry uri https://registry.npmjs.org/dateFormat
14 verbose request uri https://registry.npmjs.org/dateFormat
15 verbose request no auth needed
16 info attempt registry request try #1 at 1:30:23 AM
17 verbose request id 46ba56666090a502
18 http request GET https://registry.npmjs.org/dateFormat
19 http 200 https://registry.npmjs.org/dateFormat
20 verbose headers { server: 'nginx/1.10.1',
20 verbose headers   'content-type': 'application/json',
20 verbose headers   'last-modified': 'Thu, 08 Sep 2016 08:16:49 GMT',
20 verbose headers   etag: 'W/"57d11e71-189"',
20 verbose headers   'content-encoding': 'gzip',
20 verbose headers   'cache-control': 'max-age=300',
20 verbose headers   'content-length': '240',
20 verbose headers   'accept-ranges': 'bytes',
20 verbose headers   date: 'Wed, 20 Sep 2017 01:36:10 GMT',
20 verbose headers   via: '1.1 varnish',
20 verbose headers   age: '0',
20 verbose headers   connection: 'keep-alive',
20 verbose headers   'x-served-by': 'cache-sjc3129-SJC',
20 verbose headers   'x-cache': 'MISS',
20 verbose headers   'x-cache-hits': '0',
20 verbose headers   'x-timer': 'S1505871370.397166,VS0,VE58',
20 verbose headers   vary: 'Accept-Encoding, Accept' }
21 silly get cb [ 200,
21 silly get   { server: 'nginx/1.10.1',
21 silly get     'content-type': 'application/json',
21 silly get     'last-modified': 'Thu, 08 Sep 2016 08:16:49 GMT',
21 silly get     etag: 'W/"57d11e71-189"',
21 silly get     'content-encoding': 'gzip',
21 silly get     'cache-control': 'max-age=300',
21 silly get     'content-length': '240',
21 silly get     'accept-ranges': 'bytes',
21 silly get     date: 'Wed, 20 Sep 2017 01:36:10 GMT',
21 silly get     via: '1.1 varnish',
21 silly get     age: '0',
21 silly get     connection: 'keep-alive',
21 silly get     'x-served-by': 'cache-sjc3129-SJC',
21 silly get     'x-cache': 'MISS',
21 silly get     'x-cache-hits': '0',
21 silly get     'x-timer': 'S1505871370.397166,VS0,VE58',
21 silly get     vary: 'Accept-Encoding, Accept' } ]
22 verbose get saving dateFormat to /home/vagrant/.npm/registry.npmjs.org/dateFormat/.cache.json
23 verbose correctMkdir /home/vagrant/.npm correctMkdir not in flight; initializing
24 verbose stack TypeError: Cannot convert undefined or null to object
24 verbose stack     at pickVersionFromRegistryDocument (/home/vagrant/.nvm/versions/node/v6.9.5/lib/node_modules/npm/lib/fetch-package-metadata.js:125:29)
24 verbose stack     at /home/vagrant/.nvm/versions/node/v6.9.5/lib/node_modules/npm/node_modules/iferr/index.js:13:50
24 verbose stack     at /home/vagrant/.nvm/versions/node/v6.9.5/lib/node_modules/npm/lib/utils/pulse-till-done.js:20:8
24 verbose stack     at saved (/home/vagrant/.nvm/versions/node/v6.9.5/lib/node_modules/npm/lib/cache/caching-client.js:174:7)
24 verbose stack     at /home/vagrant/.nvm/versions/node/v6.9.5/lib/node_modules/npm/node_modules/graceful-fs/polyfills.js:241:18
24 verbose stack     at FSReqWrap.oncomplete (fs.js:123:15)
25 verbose cwd /vagrant/tweeter
26 error Linux 4.4.0-21-generic
27 error argv "/home/vagrant/.nvm/versions/node/v6.9.5/bin/node" "/home/vagrant/.nvm/versions/node/v6.9.5/bin/npm" "install" "--save" "dateFormat"
28 error node v6.9.5
29 error npm  v3.10.10
30 error Cannot convert undefined or null to object
31 error If you need help, you may report this error at:
31 error     <https://github.com/npm/npm/issues>
32 verbose exit [ 1, true ]
